New trap received: Sun Mar 13 20:06:30 CET 2016 for 
HOST: localhost
IP: UDP: [127.0.0.1]:43037->[127.0.0.1]:50162

TRAP: iso.3.6.1.2.1.1.3.0 0:0:00:00.00

TRAP: iso.3.6.1.6.3.1.1.4.1.0 iso.3.6.1.4.1.41717.10.0.247

TRAP: iso.3.6.1.4.1.41717.10.1 "mango"

TRAP: iso.3.6.1.4.1.41717.10.2 3

TRAP: iso.3.6.1.6.3.18.1.3.0 10.0.2.2

TRAP: iso.3.6.1.6.3.18.1.4.0 "public"

TRAP: iso.3.6.1.6.3.1.1.4.3.0 iso.3.6.1.4.1.41717.10


----------

New trap received: Sun Mar 13 20:07:48 CET 2016 for 
HOST: localhost
IP: UDP: [127.0.0.1]:34509->[127.0.0.1]:50162

TRAP: iso.3.6.1.2.1.1.3.0 0:0:00:00.00

TRAP: iso.3.6.1.6.3.1.1.4.1.0 iso.3.6.1.4.1.41717.10.0.247

TRAP: iso.3.6.1.4.1.41717.10.1 "amma"

TRAP: iso.3.6.1.4.1.41717.10.2 3

TRAP: iso.3.6.1.6.3.18.1.3.0 10.0.2.2

TRAP: iso.3.6.1.6.3.18.1.4.0 "public"

TRAP: iso.3.6.1.6.3.1.1.4.3.0 iso.3.6.1.4.1.41717.10


----------

New trap received: Sun Mar 20 22:50:29 CET 2016 for 
HOST: localhost
IP: UDP: [127.0.0.1]:37016->[127.0.0.1]:50162

TRAP: iso.3.6.1.2.1.1.3.0 0:0:00:00.00

TRAP: iso.3.6.1.6.3.1.1.4.1.0 iso.3.6.1.4.1.41717.10.0.247

TRAP: iso.3.6.1.4.1.41717.10.1 "rose"

TRAP: iso.3.6.1.4.1.41717.10.2 3

TRAP: iso.3.6.1.6.3.18.1.3.0 10.0.2.2

TRAP: iso.3.6.1.6.3.18.1.4.0 "public"

TRAP: iso.3.6.1.6.3.1.1.4.3.0 iso.3.6.1.4.1.41717.10


----------

New trap received: Sun Mar 20 22:53:10 CET 2016 for 
HOST: localhost
IP: UDP: [127.0.0.1]:54055->[127.0.0.1]:50162

TRAP: iso.3.6.1.2.1.1.3.0 0:0:00:00.00

TRAP: iso.3.6.1.6.3.1.1.4.1.0 iso.3.6.1.4.1.41717.10.0.247

TRAP: iso.3.6.1.4.1.41717.10.1 "rose"

TRAP: iso.3.6.1.4.1.41717.10.2 3

TRAP: iso.3.6.1.6.3.18.1.3.0 10.0.2.2

TRAP: iso.3.6.1.6.3.18.1.4.0 "public"

TRAP: iso.3.6.1.6.3.1.1.4.3.0 iso.3.6.1.4.1.41717.10


----------

New trap received: Sun Mar 20 23:42:52 CET 2016 for 
HOST: localhost
IP: UDP: [127.0.0.1]:33660->[127.0.0.1]:50162

TRAP: iso.3.6.1.2.1.1.3.0 0:0:00:00.00

TRAP: iso.3.6.1.6.3.1.1.4.1.0 iso.3.6.1.4.1.41717.10.0.247

TRAP: iso.3.6.1.4.1.41717.10.1 "srinu"

TRAP: iso.3.6.1.4.1.41717.10.2 3

TRAP: iso.3.6.1.6.3.18.1.3.0 10.0.2.2

TRAP: iso.3.6.1.6.3.18.1.4.0 "public"

TRAP: iso.3.6.1.6.3.1.1.4.3.0 iso.3.6.1.4.1.41717.10


----------

New trap received: Sun Mar 20 23:42:56 CET 2016 for 
HOST: localhost
IP: UDP: [127.0.0.1]:41853->[127.0.0.1]:50162

TRAP: iso.3.6.1.2.1.1.3.0 0:0:00:00.00

TRAP: iso.3.6.1.6.3.1.1.4.1.0 iso.3.6.1.4.1.41717.10.0.247

TRAP: iso.3.6.1.4.1.41717.10.1 "srinu"

TRAP: iso.3.6.1.4.1.41717.10.2 3

TRAP: iso.3.6.1.6.3.18.1.3.0 10.0.2.2

TRAP: iso.3.6.1.6.3.18.1.4.0 "public"

TRAP: iso.3.6.1.6.3.1.1.4.3.0 iso.3.6.1.4.1.41717.10


----------

New trap received: Sun Mar 20 23:51:43 CET 2016 for 
HOST: localhost
IP: UDP: [127.0.0.1]:53297->[127.0.0.1]:50162

TRAP: iso.3.6.1.2.1.1.3.0 0:0:00:00.00

TRAP: iso.3.6.1.6.3.1.1.4.1.0 iso.3.6.1.4.1.41717.10.0.247

TRAP: iso.3.6.1.4.1.41717.10.1 "srinivas"

TRAP: iso.3.6.1.4.1.41717.10.2 3

TRAP: iso.3.6.1.6.3.18.1.3.0 10.0.2.2

TRAP: iso.3.6.1.6.3.18.1.4.0 "public"

TRAP: iso.3.6.1.6.3.1.1.4.3.0 iso.3.6.1.4.1.41717.10


----------

New trap received: Sun Mar 20 23:52:32 CET 2016 for 
HOST: localhost
IP: UDP: [127.0.0.1]:35792->[127.0.0.1]:50162

TRAP: iso.3.6.1.2.1.1.3.0 0:0:00:00.00

TRAP: iso.3.6.1.6.3.1.1.4.1.0 iso.3.6.1.4.1.41717.10.0.247

TRAP: iso.3.6.1.4.1.41717.10.1 "srinivas"

TRAP: iso.3.6.1.4.1.41717.10.2 3

TRAP: iso.3.6.1.6.3.18.1.3.0 10.0.2.2

TRAP: iso.3.6.1.6.3.18.1.4.0 "public"

TRAP: iso.3.6.1.6.3.1.1.4.3.0 iso.3.6.1.4.1.41717.10


----------

New trap received: Sun Mar 20 23:52:46 CET 2016 for 
HOST: localhost
IP: UDP: [127.0.0.1]:52264->[127.0.0.1]:50162

TRAP: iso.3.6.1.2.1.1.3.0 0:0:00:00.00

TRAP: iso.3.6.1.6.3.1.1.4.1.0 iso.3.6.1.4.1.41717.10.0.247

TRAP: iso.3.6.1.4.1.41717.10.1 "srinivas"

TRAP: iso.3.6.1.4.1.41717.10.2 3

TRAP: iso.3.6.1.6.3.18.1.3.0 10.0.2.2

TRAP: iso.3.6.1.6.3.18.1.4.0 "public"

TRAP: iso.3.6.1.6.3.1.1.4.3.0 iso.3.6.1.4.1.41717.10


----------

New trap received: Sun Mar 20 23:53:29 CET 2016 for 
HOST: localhost
IP: UDP: [127.0.0.1]:54030->[127.0.0.1]:50162

TRAP: iso.3.6.1.2.1.1.3.0 0:0:00:00.00

TRAP: iso.3.6.1.6.3.1.1.4.1.0 iso.3.6.1.4.1.41717.10.0.247

TRAP: iso.3.6.1.4.1.41717.10.1 "srinivas"

TRAP: iso.3.6.1.4.1.41717.10.2 3

TRAP: iso.3.6.1.6.3.18.1.3.0 10.0.2.2

TRAP: iso.3.6.1.6.3.18.1.4.0 "public"

TRAP: iso.3.6.1.6.3.1.1.4.3.0 iso.3.6.1.4.1.41717.10


----------

New trap received: Sun Mar 20 23:53:38 CET 2016 for 
HOST: localhost
IP: UDP: [127.0.0.1]:34559->[127.0.0.1]:50162

TRAP: iso.3.6.1.2.1.1.3.0 0:0:00:00.00

TRAP: iso.3.6.1.6.3.1.1.4.1.0 iso.3.6.1.4.1.41717.10.0.247

TRAP: iso.3.6.1.4.1.41717.10.1 "srinivas"

TRAP: iso.3.6.1.4.1.41717.10.2 3

TRAP: iso.3.6.1.6.3.18.1.3.0 10.0.2.2

TRAP: iso.3.6.1.6.3.18.1.4.0 "public"

TRAP: iso.3.6.1.6.3.1.1.4.3.0 iso.3.6.1.4.1.41717.10


----------

New trap received: Sun Mar 20 23:54:27 CET 2016 for 
HOST: localhost
IP: UDP: [127.0.0.1]:60681->[127.0.0.1]:50162

TRAP: iso.3.6.1.2.1.1.3.0 0:0:00:00.00

TRAP: iso.3.6.1.6.3.1.1.4.1.0 iso.3.6.1.4.1.41717.10.0.247

TRAP: iso.3.6.1.4.1.41717.10.1 "srinivas"

TRAP: iso.3.6.1.4.1.41717.10.2 2

TRAP: iso.3.6.1.6.3.18.1.3.0 10.0.2.2

TRAP: iso.3.6.1.6.3.18.1.4.0 "public"

TRAP: iso.3.6.1.6.3.1.1.4.3.0 iso.3.6.1.4.1.41717.10


----------

New trap received: Sun Mar 20 23:54:52 CET 2016 for 
HOST: localhost
IP: UDP: [127.0.0.1]:53317->[127.0.0.1]:50162

TRAP: iso.3.6.1.2.1.1.3.0 0:0:00:00.00

TRAP: iso.3.6.1.6.3.1.1.4.1.0 iso.3.6.1.4.1.41717.10.0.247

TRAP: iso.3.6.1.4.1.41717.10.1 "srinu"

TRAP: iso.3.6.1.4.1.41717.10.2 2

TRAP: iso.3.6.1.6.3.18.1.3.0 10.0.2.2

TRAP: iso.3.6.1.6.3.18.1.4.0 "public"

TRAP: iso.3.6.1.6.3.1.1.4.3.0 iso.3.6.1.4.1.41717.10


----------

New trap received: Sun Mar 20 23:54:57 CET 2016 for 
HOST: localhost
IP: UDP: [127.0.0.1]:33717->[127.0.0.1]:50162

TRAP: iso.3.6.1.2.1.1.3.0 0:0:00:00.00

TRAP: iso.3.6.1.6.3.1.1.4.1.0 iso.3.6.1.4.1.41717.10.0.247

TRAP: iso.3.6.1.4.1.41717.10.1 "srinu"

TRAP: iso.3.6.1.4.1.41717.10.2 2

TRAP: iso.3.6.1.6.3.18.1.3.0 10.0.2.2

TRAP: iso.3.6.1.6.3.18.1.4.0 "public"

TRAP: iso.3.6.1.6.3.1.1.4.3.0 iso.3.6.1.4.1.41717.10


----------

New trap received: Mon Mar 21 11:47:17 CET 2016 for 
HOST: localhost
IP: UDP: [127.0.0.1]:52128->[127.0.0.1]:50162

TRAP: iso.3.6.1.2.1.1.3.0 0:0:00:00.00

TRAP: iso.3.6.1.6.3.1.1.4.1.0 iso.3.6.1.4.1.41717.10.0.247

TRAP: iso.3.6.1.4.1.41717.10.1 "Apple"

TRAP: iso.3.6.1.4.1.41717.10.2 3

TRAP: iso.3.6.1.6.3.18.1.3.0 10.0.2.2

TRAP: iso.3.6.1.6.3.18.1.4.0 "public"

TRAP: iso.3.6.1.6.3.1.1.4.3.0 iso.3.6.1.4.1.41717.10


----------

New trap received: Mon Mar 21 11:47:47 CET 2016 for 
HOST: localhost
IP: UDP: [127.0.0.1]:37911->[127.0.0.1]:50162

TRAP: iso.3.6.1.2.1.1.3.0 0:0:00:00.00

TRAP: iso.3.6.1.6.3.1.1.4.1.0 iso.3.6.1.4.1.41717.10.0.247

TRAP: iso.3.6.1.4.1.41717.10.1 "Apple"

TRAP: iso.3.6.1.4.1.41717.10.2 3

TRAP: iso.3.6.1.6.3.18.1.3.0 10.0.2.2

TRAP: iso.3.6.1.6.3.18.1.4.0 "public"

TRAP: iso.3.6.1.6.3.1.1.4.3.0 iso.3.6.1.4.1.41717.10


----------

